<?xml version="1.0" encoding="UTF-8"?>
<!-- Generated by org.testng.reporters.JUnitXMLReporter -->
<testsuite ignored="0" hostname="DESKTOP-D61EKLM" failures="0" tests="3" name="Default test" time="2.539" errors="0" timestamp="2024-04-02T03:23:08 EET">
  <testcase classname="HomePage.HomePageTestCases" name="CheckDefaultcuranccy" time="0.037"/>
  <testcase classname="HomePage.HomePageTestCases" name="CheckTheDefaultLanguageIsEnglish" time="0.04"/>
  <testcase classname="HomePage.HomePageTestCases" name="Checknumbercorrcte" time="0.022"/>
</testsuite> <!-- Default test -->
